Using pre-set license
Built from '2020.3/staging' branch; Version is '2020.3.8f1 (507919d4fff5) revision 5273881'; Using compiler version '192528614'; Build Type 'Release'
OS: 'Windows 10 Home; OS build 19043.1237; Version 2009; 64bit' Language: 'ko' Physical Memory: 32706 MB
BatchMode: 1, IsHumanControllingUs: 0, StartBugReporterOnCrash: 0, Is64bit: 1, IsPro: 0

 COMMAND LINE ARGUMENTS:
C:\Program Files\Unity\Hub\Editor\2020.3.8f1\Editor\Unity.exe
-adb2
-batchMode
-noUpm
-name
AssetImportWorker0
-projectPath
C:/Users/User/Desktop/CodingPuzzle-tg/Assets
-logFile
Logs/AssetImportWorker0.log
-srvPort
57902
Successfully changed project path to: C:/Users/User/Desktop/CodingPuzzle-tg/Assets
C:/Users/User/Desktop/CodingPuzzle-tg/Assets
Using Asset Import Pipeline V2.
Refreshing native plugins compatible for Editor in 19.36 ms, found 0 plugins.
Preloading 0 native plugins for Editor in 0.00 ms.
Initialize engine version: 2020.3.8f1 (507919d4fff5)
[Subsystems] Discovering subsystems at path C:/Program Files/Unity/Hub/Editor/2020.3.8f1/Editor/Data/Resources/UnitySubsystems
[Subsystems] Discovering subsystems at path C:/Users/User/Desktop/CodingPuzzle-tg/Assets/Assets
GfxDevice: creating device client; threaded=0
Direct3D:
    Version:  Direct3D 11.0 [level 11.1]
    Renderer: NVIDIA GeForce RTX 3060 (ID=0x2503)
    Vendor:   
    VRAM:     12143 MB
    Driver:   27.21.14.6192
Initialize mono
Mono path[0] = 'C:/Program Files/Unity/Hub/Editor/2020.3.8f1/Editor/Data/Managed'
Mono path[1] = 'C:/Program Files/Unity/Hub/Editor/2020.3.8f1/Editor/Data/MonoBleedingEdge/lib/mono/unityjit'
Mono config path = 'C:/Program Files/Unity/Hub/Editor/2020.3.8f1/Editor/Data/MonoBleedingEdge/etc'
Using monoOptions --debugger-agent=transport=dt_socket,embedding=1,server=y,suspend=n,address=127.0.0.1:56556
Begin MonoManager ReloadAssembly
Registering precompiled unity dll's ...
Register platform support module: C:/Program Files/Unity/Hub/Editor/2020.3.8f1/Editor/Data/PlaybackEngines/WindowsStandaloneSupport/UnityEditor.WindowsStandalone.Extensions.dll
Registered in 0.001304 seconds.
Native extension for WindowsStandalone target not found
Refreshing native plugins compatible for Editor in 20.32 ms, found 0 plugins.
Preloading 0 native plugins for Editor in 0.00 ms.
Mono: successfully reloaded assembly
- Completed reload, in  1.279 seconds
Platform modules already initialized, skipping
Registering precompiled user dll's ...
Registered in 0.000463 seconds.
Begin MonoManager ReloadAssembly
Native extension for WindowsStandalone target not found
Refreshing native plugins compatible for Editor in 0.19 ms, found 0 plugins.
Preloading 0 native plugins for Editor in 0.00 ms.
Mono: successfully reloaded assembly
- Completed reload, in  0.609 seconds
Platform modules already initialized, skipping
========================================================================
Worker process is ready to serve import requests
Launched and connected shader compiler UnityShaderCompiler.exe after 0.02 seconds
Refreshing native plugins compatible for Editor in 0.24 ms, found 0 plugins.
Preloading 0 native plugins for Editor in 0.00 ms.
Unloading 1115 Unused Serialized files (Serialized files now loaded: 0)
System memory in use before: 59.6 MB.
System memory in use after: 59.7 MB.

Unloading 9 unused Assets to reduce memory usage. Loaded Objects now: 1558.
Total: 1.303200 ms (FindLiveObjects: 0.099300 ms CreateObjectMapping: 0.031500 ms MarkObjects: 1.094200 ms  DeleteObjects: 0.077200 ms)

========================================================================
Received Import Request.
  path: Assets/SimpleSky
  artifactKey: Guid(4e3ae5d6d686a8f4d9a6a9839f931de4) Importer(815301076,1909f56bfc062723c751e8b465ee728b)
Start importing Assets/SimpleSky using Guid(4e3ae5d6d686a8f4d9a6a9839f931de4) Importer(815301076,1909f56bfc062723c751e8b465ee728b)  -> (artifact id: '20c1a87122f17f7faa4fc6c54afbb8bf') in 0.006094 seconds
  Import took 0.007345 seconds .

========================================================================
Received Import Request.
  Time since last request: 0.000156 seconds.
  path: Assets/Stylized Low Poly Cube World Building Pack
  artifactKey: Guid(7c08609f9dab4ce4dbb8a520e8ca8f4b) Importer(815301076,1909f56bfc062723c751e8b465ee728b)
Start importing Assets/Stylized Low Poly Cube World Building Pack using Guid(7c08609f9dab4ce4dbb8a520e8ca8f4b) Importer(815301076,1909f56bfc062723c751e8b465ee728b)  -> (artifact id: 'a0cadc56bebfafffd13022f4aef2a689') in 0.004202 seconds
  Import took 0.005439 seconds .

========================================================================
Received Import Request.
  Time since last request: 0.000107 seconds.
  path: Assets/Scanta
  artifactKey: Guid(9e9ff8c683d6ebe43924ad2c662579ba) Importer(815301076,1909f56bfc062723c751e8b465ee728b)
Start importing Assets/Scanta using Guid(9e9ff8c683d6ebe43924ad2c662579ba) Importer(815301076,1909f56bfc062723c751e8b465ee728b)  -> (artifact id: '6a3e0a65ee728086d3c79639744d01a4') in 0.004267 seconds
  Import took 0.005540 seconds .

AssetImportWorkerClient::OnTransportError - code=2 error=End of file
