Using pre-set license
Built from '2020.3/staging' branch; Version is '2020.3.8f1 (507919d4fff5) revision 5273881'; Using compiler version '192528614'; Build Type 'Release'
OS: 'Windows 10 Pro; OS build 22000.194; Version 2009; 64bit' Language: 'ko' Physical Memory: 16318 MB
BatchMode: 1, IsHumanControllingUs: 0, StartBugReporterOnCrash: 0, Is64bit: 1, IsPro: 0

 COMMAND LINE ARGUMENTS:
D:\2020.3.8f1\Editor\Unity.exe
-adb2
-batchMode
-noUpm
-name
AssetImportWorker0
-projectPath
D:/GitHub/GitHub/CodingPuzzle
-logFile
Logs/AssetImportWorker0.log
-srvPort
57329
Successfully changed project path to: D:/GitHub/GitHub/CodingPuzzle
D:/GitHub/GitHub/CodingPuzzle
Using Asset Import Pipeline V2.
Refreshing native plugins compatible for Editor in 32.52 ms, found 0 plugins.
Preloading 0 native plugins for Editor in 0.00 ms.
Initialize engine version: 2020.3.8f1 (507919d4fff5)
[Subsystems] Discovering subsystems at path D:/2020.3.8f1/Editor/Data/Resources/UnitySubsystems
[Subsystems] Discovering subsystems at path D:/GitHub/GitHub/CodingPuzzle/Assets
GfxDevice: creating device client; threaded=0
Direct3D:
    Version:  Direct3D 11.0 [level 11.0]
    Renderer: NVIDIA GeForce GTX 660 (ID=0x11c0)
    Vendor:   
    VRAM:     1998 MB
    Driver:   27.21.14.6627
Initialize mono
Mono path[0] = 'D:/2020.3.8f1/Editor/Data/Managed'
Mono path[1] = 'D:/2020.3.8f1/Editor/Data/MonoBleedingEdge/lib/mono/unityjit'
Mono config path = 'D:/2020.3.8f1/Editor/Data/MonoBleedingEdge/etc'
Using monoOptions --debugger-agent=transport=dt_socket,embedding=1,server=y,suspend=n,address=127.0.0.1:56480
Begin MonoManager ReloadAssembly
Registering precompiled unity dll's ...
Register platform support module: D:/2020.3.8f1/Editor/Data/PlaybackEngines/WebGLSupport/UnityEditor.WebGL.Extensions.dll
Register platform support module: D:/2020.3.8f1/Editor/Data/PlaybackEngines/MacStandaloneSupport/UnityEditor.OSXStandalone.Extensions.dll
Register platform support module: D:/2020.3.8f1/Editor/Data/PlaybackEngines/WindowsStandaloneSupport/UnityEditor.WindowsStandalone.Extensions.dll
Register platform support module: D:/2020.3.8f1/Editor/Data/PlaybackEngines/LinuxStandaloneSupport/UnityEditor.LinuxStandalone.Extensions.dll
Register platform support module: D:/2020.3.8f1/Editor/Data/PlaybackEngines/LuminSupport/UnityEditor.Lumin.Extensions.dll
Registered in 0.002608 seconds.
Native extension for Lumin target not found
Native extension for LinuxStandalone target not found
Native extension for WindowsStandalone target not found
Native extension for OSXStandalone target not found
Native extension for WebGL target not found
Refreshing native plugins compatible for Editor in 32.40 ms, found 0 plugins.
Preloading 0 native plugins for Editor in 0.00 ms.
Mono: successfully reloaded assembly
- Completed reload, in  1.186 seconds
Platform modules already initialized, skipping
Registering precompiled user dll's ...
Registered in 0.000510 seconds.
Begin MonoManager ReloadAssembly
Native extension for Lumin target not found
Native extension for LinuxStandalone target not found
Native extension for WindowsStandalone target not found
Native extension for OSXStandalone target not found
Native extension for WebGL target not found
Refreshing native plugins compatible for Editor in 0.33 ms, found 0 plugins.
Preloading 0 native plugins for Editor in 0.00 ms.
Mono: successfully reloaded assembly
- Completed reload, in  0.681 seconds
Platform modules already initialized, skipping
========================================================================
Worker process is ready to serve import requests
Launched and connected shader compiler UnityShaderCompiler.exe after 0.04 seconds
Refreshing native plugins compatible for Editor in 0.35 ms, found 0 plugins.
Preloading 0 native plugins for Editor in 0.00 ms.
Unloading 1417 Unused Serialized files (Serialized files now loaded: 0)
System memory in use before: 70.1 MB.
System memory in use after: 70.1 MB.

Unloading 9 unused Assets to reduce memory usage. Loaded Objects now: 1867.
Total: 1.604100 ms (FindLiveObjects: 0.151200 ms CreateObjectMapping: 0.033000 ms MarkObjects: 1.354800 ms  DeleteObjects: 0.064000 ms)

========================================================================
Received Import Request.
  path: Assets/Resources/Prefabs/Picking Up (3).fbx
  artifactKey: Guid(832b944be7a1fcf4695499541a3a57e7) Importer(815301076,1909f56bfc062723c751e8b465ee728b)
Start importing Assets/Resources/Prefabs/Picking Up (3).fbx using Guid(832b944be7a1fcf4695499541a3a57e7) Importer(815301076,1909f56bfc062723c751e8b465ee728b)  -> (artifact id: '9d6de47bc54258b6793ce8baa724ab5e') in 0.222703 seconds
  Import took 0.225428 seconds .

========================================================================
Received Import Request.
  Time since last request: 0.000283 seconds.
  path: Assets/Resources/Prefabs/Success.fbx
  artifactKey: Guid(9f88fc111091ed74cac329dfc4e6109b) Importer(815301076,1909f56bfc062723c751e8b465ee728b)
Start importing Assets/Resources/Prefabs/Success.fbx using Guid(9f88fc111091ed74cac329dfc4e6109b) Importer(815301076,1909f56bfc062723c751e8b465ee728b)  -> (artifact id: '21bc9f0f0ca455a17ee1ee306cc7f8a5') in 0.044715 seconds
  Import took 0.047344 seconds .

========================================================================
Received Import Request.
  Time since last request: 0.000231 seconds.
  path: Assets/Resources/Prefabs/Plant Tree (1).fbx
  artifactKey: Guid(9692f3df951d56544953232602e49b8f) Importer(815301076,1909f56bfc062723c751e8b465ee728b)
Start importing Assets/Resources/Prefabs/Plant Tree (1).fbx using Guid(9692f3df951d56544953232602e49b8f) Importer(815301076,1909f56bfc062723c751e8b465ee728b)  -> (artifact id: '4928071d561878213a74f60d12b219fb') in 0.047019 seconds
  Import took 0.049613 seconds .

========================================================================
Received Import Request.
  Time since last request: 0.000197 seconds.
  path: Assets/Resources/Prefabs/lambert1.mat
  artifactKey: Guid(eb21d3d125e96f44e9292c214e29840c) Importer(815301076,1909f56bfc062723c751e8b465ee728b)
Start importing Assets/Resources/Prefabs/lambert1.mat using Guid(eb21d3d125e96f44e9292c214e29840c) Importer(815301076,1909f56bfc062723c751e8b465ee728b)  -> (artifact id: 'f9904d906caa83ebc080b0ddc131a98f') in 0.010266 seconds
  Import took 0.012765 seconds .

========================================================================
Received Import Request.
  Time since last request: 0.000182 seconds.
  path: Assets/Resources/Prefabs/Push.fbx
  artifactKey: Guid(a2322f9de9ade6e41878e10ac3d240be) Importer(815301076,1909f56bfc062723c751e8b465ee728b)
Start importing Assets/Resources/Prefabs/Push.fbx using Guid(a2322f9de9ade6e41878e10ac3d240be) Importer(815301076,1909f56bfc062723c751e8b465ee728b)  -> (artifact id: '40607fd6fa4965899c3f1b4ca3520a4c') in 0.041671 seconds
  Import took 0.044020 seconds .

========================================================================
Received Import Request.
  Time since last request: 0.000196 seconds.
  path: Assets/Resources/Prefabs/Idle.fbx
  artifactKey: Guid(133a729dd46015c40af4fc9db3bbf927) Importer(815301076,1909f56bfc062723c751e8b465ee728b)
Start importing Assets/Resources/Prefabs/Idle.fbx using Guid(133a729dd46015c40af4fc9db3bbf927) Importer(815301076,1909f56bfc062723c751e8b465ee728b)  -> (artifact id: 'e1d53d3cbe3259fbe78aaa73ea22e42d') in 0.050443 seconds
  Import took 0.053484 seconds .

========================================================================
Received Import Request.
  Time since last request: 0.000184 seconds.
  path: Assets/Resources/Prefabs/Walking.prefab
  artifactKey: Guid(ac8a91d20f5ce404f868ead938b4f452) Importer(815301076,1909f56bfc062723c751e8b465ee728b)
Start importing Assets/Resources/Prefabs/Walking.prefab using Guid(ac8a91d20f5ce404f868ead938b4f452) Importer(815301076,1909f56bfc062723c751e8b465ee728b)  -> (artifact id: '7f1b66d708b9fe48e2db701a80e2d88f') in 0.281213 seconds
  Import took 0.283875 seconds .

========================================================================
Received Import Request.
  Time since last request: 138.361473 seconds.
  path: Assets/Scripts/SnowBallMove.cs
  artifactKey: Guid(b46f3e2a865d9964697e7ad1d548929b) Importer(815301076,1909f56bfc062723c751e8b465ee728b)
Start importing Assets/Scripts/SnowBallMove.cs using Guid(b46f3e2a865d9964697e7ad1d548929b) Importer(815301076,1909f56bfc062723c751e8b465ee728b)  -> (artifact id: '03c0e646bcbba23f85c810eb5204e4a5') in 0.006896 seconds
  Import took 0.009109 seconds .

========================================================================
Received Import Request.
  Time since last request: 0.023863 seconds.
  path: Assets/Scripts/SnowBallMove.cs
  artifactKey: Guid(b46f3e2a865d9964697e7ad1d548929b) Importer(815301076,1909f56bfc062723c751e8b465ee728b)
Start importing Assets/Scripts/SnowBallMove.cs using Guid(b46f3e2a865d9964697e7ad1d548929b) Importer(815301076,1909f56bfc062723c751e8b465ee728b)  -> (artifact id: '03c0e646bcbba23f85c810eb5204e4a5') in 0.002416 seconds
  Import took 0.004706 seconds .

========================================================================
Received Prepare
Registering precompiled user dll's ...
Registered in 0.001290 seconds.
Begin MonoManager ReloadAssembly
Native extension for Lumin target not found
Native extension for LinuxStandalone target not found
Native extension for WindowsStandalone target not found
Native extension for OSXStandalone target not found
Native extension for WebGL target not found
Refreshing native plugins compatible for Editor in 0.46 ms, found 0 plugins.
Preloading 0 native plugins for Editor in 0.00 ms.
Mono: successfully reloaded assembly
- Completed reload, in  1.611 seconds
Platform modules already initialized, skipping
Switching build target platform(5) subTarget(0) extendedPlatform(0) -> platform(13) subTarget(537395200) extendedPlatform(0)
Refreshing native plugins compatible for Editor in 0.49 ms, found 0 plugins.
Preloading 0 native plugins for Editor in 0.00 ms.
Unloading 1415 Unused Serialized files (Serialized files now loaded: 0)
System memory in use before: 86.6 MB.
System memory in use after: 86.7 MB.

Unloading 5 unused Assets to reduce memory usage. Loaded Objects now: 1914.
Total: 2.011400 ms (FindLiveObjects: 0.195100 ms CreateObjectMapping: 0.030600 ms MarkObjects: 1.761600 ms  DeleteObjects: 0.022300 ms)

AssetImportParameters requested are different than current active one (requested -> active):
  custom:graphics/normal-map-encoding: 01000000000000000000000000000000 -> 02000000000000000000000000000000
========================================================================
Received Prepare
Registering precompiled user dll's ...
Registered in 0.000810 seconds.
Begin MonoManager ReloadAssembly
Native extension for Lumin target not found
Native extension for LinuxStandalone target not found
Native extension for WindowsStandalone target not found
Native extension for OSXStandalone target not found
Native extension for WebGL target not found
Refreshing native plugins compatible for Editor in 0.34 ms, found 0 plugins.
Preloading 0 native plugins for Editor in 0.00 ms.
Mono: successfully reloaded assembly
- Completed reload, in  0.703 seconds
Platform modules already initialized, skipping
Switching build target platform(5) subTarget(0) extendedPlatform(0) -> platform(13) subTarget(537395200) extendedPlatform(0)
Refreshing native plugins compatible for Editor in 0.35 ms, found 0 plugins.
Preloading 0 native plugins for Editor in 0.00 ms.
Unloading 1415 Unused Serialized files (Serialized files now loaded: 0)
System memory in use before: 86.6 MB.
System memory in use after: 86.7 MB.

Unloading 4 unused Assets to reduce memory usage. Loaded Objects now: 1917.
Total: 1.617800 ms (FindLiveObjects: 0.146400 ms CreateObjectMapping: 0.032500 ms MarkObjects: 1.422700 ms  DeleteObjects: 0.015100 ms)

AssetImportParameters requested are different than current active one (requested -> active):
  custom:graphics/normal-map-encoding: 01000000000000000000000000000000 -> 02000000000000000000000000000000
========================================================================
Received Prepare
Registering precompiled user dll's ...
Registered in 0.000701 seconds.
Begin MonoManager ReloadAssembly
Native extension for Lumin target not found
Native extension for LinuxStandalone target not found
Native extension for WindowsStandalone target not found
Native extension for OSXStandalone target not found
Native extension for WebGL target not found
Refreshing native plugins compatible for Editor in 0.34 ms, found 0 plugins.
Preloading 0 native plugins for Editor in 0.00 ms.
Mono: successfully reloaded assembly
- Completed reload, in  0.698 seconds
Platform modules already initialized, skipping
Switching build target platform(5) subTarget(0) extendedPlatform(0) -> platform(13) subTarget(537395200) extendedPlatform(0)
Refreshing native plugins compatible for Editor in 0.34 ms, found 0 plugins.
Preloading 0 native plugins for Editor in 0.00 ms.
Unloading 1415 Unused Serialized files (Serialized files now loaded: 0)
System memory in use before: 86.6 MB.
System memory in use after: 86.7 MB.

Unloading 4 unused Assets to reduce memory usage. Loaded Objects now: 1920.
Total: 1.386300 ms (FindLiveObjects: 0.158600 ms CreateObjectMapping: 0.031200 ms MarkObjects: 1.185000 ms  DeleteObjects: 0.010300 ms)

AssetImportParameters requested are different than current active one (requested -> active):
  custom:graphics/normal-map-encoding: 01000000000000000000000000000000 -> 02000000000000000000000000000000
AssetImportWorkerClient::OnTransportError - code=2 error=End of file
